{"name": "test_login[chrome]", "status": "broken", "statusDetails": {"message": "selenium.common.exceptions.TimeoutException: Message: \nStacktrace:\n\tGetHandleVerifier [0x00D6B133+46099]\n\t(No symbol) [0x00CFC461]\n\t(No symbol) [0x00BF0C57]\n\t(No symbol) [0x00C30E3D]\n\t(No symbol) [0x00C30EEB]\n\t(No symbol) [0x00C6BE82]\n\t(No symbol) [0x00C51044]\n\t(No symbol) [0x00C69E15]\n\t(No symbol) [0x00C50D96]\n\t(No symbol) [0x00C2595D]\n\t(No symbol) [0x00C2651D]\n\tGetHandleVerifier [0x01024BA3+2903683]\n\tGetHandleVerifier [0x0106261B+3156219]\n\tGetHandleVerifier [0x00E0552B+677899]\n\tGetHandleVerifier [0x00E0B6FC+702940]\n\t(No symbol) [0x00D05A24]\n\t(No symbol) [0x00D01A68]\n\t(No symbol) [0x00D01BFC]\n\t(No symbol) [0x00CF4750]\n\tBaseThreadInitThunk [0x7642FCC9+25]\n\tRtlGetAppContainerNamedObjectPath [0x76FF7C5E+286]\n\tRtlGetAppContainerNamedObjectPath [0x76FF7C2E+238]", "trace": "self = <Tests.test_LoginPage.Test_Login object at 0x000002513AA52ED0>\n\n    def test_login(self):\n        self.loginPage = LoginPage(self.driver)\n>       self.loginPage.do_login(TestData.Username,TestData.Password)\n\nTests\\test_LoginPage.py:20: \n_ _ _ _ _ _ _ _ _ _ _ _ _ _ _ _ _ _ _ _ _ _ _ _ _ _ _ _ _ _ _ _ _ _ _ _ _ _ _ _ _ _ _ _ _ _ _ _ _ _ _ _ _ _ _ _ _ _ _ _ _ _ _ _ _ _ _ _ _ _ _ _ _ _ _ _\nPages\\LoginPage.py:28: in do_login\n    self.do_sendkeys(self.EMAIL, username)\nPages\\BasePage.py:16: in do_sendkeys\n    WebDriverWait(self.driver,10).until(EC.visibility_of_element_located(bylocator)).send_keys(text)\n_ _ _ _ _ _ _ _ _ _ _ _ _ _ _ _ _ _ _ _ _ _ _ _ _ _ _ _ _ _ _ _ _ _ _ _ _ _ _ _ _ _ _ _ _ _ _ _ _ _ _ _ _ _ _ _ _ _ _ _ _ _ _ _ _ _ _ _ _ _ _ _ _ _ _ _\n\nself = <selenium.webdriver.support.wait.WebDriverWait (session=\"41ccf85607b37fd6ab00946ea65cc0bf\")>\nmethod = <function visibility_of_element_located.<locals>._predicate at 0x000002513AAA2480>, message = ''\n\n    def until(self, method: Callable[[D], Union[Literal[False], T]], message: str = \"\") -> T:\n        \"\"\"Calls the method provided with the driver as an argument until the \\\n        return value does not evaluate to ``False``.\n    \n        :param method: callable(WebDriver)\n        :param message: optional message for :exc:`TimeoutException`\n        :returns: the result of the last call to `method`\n        :raises: :exc:`selenium.common.exceptions.TimeoutException` if timeout occurs\n        \"\"\"\n        screen = None\n        stacktrace = None\n    \n        end_time = time.monotonic() + self._timeout\n        while True:\n            try:\n                value = method(self._driver)\n                if value:\n                    return value\n            except self._ignored_exceptions as exc:\n                screen = getattr(exc, \"screen\", None)\n                stacktrace = getattr(exc, \"stacktrace\", None)\n            time.sleep(self._poll)\n            if time.monotonic() > end_time:\n                break\n>       raise TimeoutException(message, screen, stacktrace)\nE       selenium.common.exceptions.TimeoutException: Message: \nE       Stacktrace:\nE       \tGetHandleVerifier [0x00D6B133+46099]\nE       \t(No symbol) [0x00CFC461]\nE       \t(No symbol) [0x00BF0C57]\nE       \t(No symbol) [0x00C30E3D]\nE       \t(No symbol) [0x00C30EEB]\nE       \t(No symbol) [0x00C6BE82]\nE       \t(No symbol) [0x00C51044]\nE       \t(No symbol) [0x00C69E15]\nE       \t(No symbol) [0x00C50D96]\nE       \t(No symbol) [0x00C2595D]\nE       \t(No symbol) [0x00C2651D]\nE       \tGetHandleVerifier [0x01024BA3+2903683]\nE       \tGetHandleVerifier [0x0106261B+3156219]\nE       \tGetHandleVerifier [0x00E0552B+677899]\nE       \tGetHandleVerifier [0x00E0B6FC+702940]\nE       \t(No symbol) [0x00D05A24]\nE       \t(No symbol) [0x00D01A68]\nE       \t(No symbol) [0x00D01BFC]\nE       \t(No symbol) [0x00CF4750]\nE       \tBaseThreadInitThunk [0x7642FCC9+25]\nE       \tRtlGetAppContainerNamedObjectPath [0x76FF7C5E+286]\nE       \tRtlGetAppContainerNamedObjectPath [0x76FF7C2E+238]\n\n..\\..\\AppData\\Local\\Programs\\Python\\Python312\\Lib\\site-packages\\selenium\\webdriver\\support\\wait.py:105: TimeoutException"}, "parameters": [{"name": "init_driver", "value": "'chrome'"}], "start": 1713548703790, "stop": 1713548718931, "uuid": "b02882cd-8733-4cf0-94c3-5e38c6395eb0", "testCaseId": "f84a8515b2fc15d8c363177de3569c6a", "fullName": "Tests.test_LoginPage.Test_Login#test_login"}